{"numFailedTestSuites":0,"numFailedTests":0,"numPassedTestSuites":7,"numPassedTests":12,"numPendingTestSuites":0,"numPendingTests":0,"numRuntimeErrorTestSuites":0,"numTodoTests":0,"numTotalTestSuites":7,"numTotalTests":12,"openHandles":[],"snapshot":{"added":0,"didUpdate":false,"failure":false,"filesAdded":0,"filesRemoved":0,"filesUnmatched":0,"filesUpdated":0,"matched":0,"total":0,"unchecked":0,"uncheckedKeysByFile":[],"unmatched":0,"updated":0},"startTime":1552390020408,"success":true,"testResults":[{"console":null,"failureMessage":null,"numFailingTests":0,"numPassingTests":2,"numPendingTests":0,"numTodoTests":0,"perfStats":{"end":1552390023666,"start":1552390021984},"snapshot":{"added":0,"fileDeleted":false,"matched":0,"unchecked":0,"unmatched":0,"updated":0,"uncheckedKeys":[]},"testFilePath":"/home/elhunto77/Repositories/Elevation/test-repos/mobx-starter-template/tests/exercises/ex-1.test.js","testResults":[{"ancestorTitles":["exercise1"],"duration":11,"failureMessages":[],"fullName":"exercise1 store should have an addItem function that adds a new Item to the stores list property","location":null,"numPassingAsserts":0,"status":"passed","title":"store should have an addItem function that adds a new Item to the stores list property"},{"ancestorTitles":["exercise1"],"duration":4,"failureMessages":[],"fullName":"exercise1 addItem function should be a MobX action","location":null,"numPassingAsserts":0,"status":"passed","title":"addItem function should be a MobX action"}],"sourceMaps":{},"skipped":false,"leaks":false},{"console":null,"failureMessage":null,"numFailingTests":0,"numPassingTests":1,"numPendingTests":0,"numTodoTests":0,"perfStats":{"end":1552390023703,"start":1552390022007},"snapshot":{"added":0,"fileDeleted":false,"matched":0,"unchecked":0,"unmatched":0,"updated":0,"uncheckedKeys":[]},"testFilePath":"/home/elhunto77/Repositories/Elevation/test-repos/mobx-starter-template/tests/spot-check-1/ex-1.test.js","testResults":[{"ancestorTitles":["exercise1"],"duration":15,"failureMessages":[],"fullName":"exercise1 groceryList class store should have an observable property \"list\"","location":null,"numPassingAsserts":0,"status":"passed","title":"groceryList class store should have an observable property \"list\""}],"sourceMaps":{},"skipped":false,"leaks":false},{"console":null,"failureMessage":null,"numFailingTests":0,"numPassingTests":4,"numPendingTests":0,"numTodoTests":0,"perfStats":{"end":1552390023761,"start":1552390022004},"snapshot":{"added":0,"fileDeleted":false,"matched":0,"unchecked":0,"unmatched":0,"updated":0,"uncheckedKeys":[]},"testFilePath":"/home/elhunto77/Repositories/Elevation/test-repos/mobx-starter-template/tests/spot-check-3/ex-1.test.js","testResults":[{"ancestorTitles":["exercise1"],"duration":40,"failureMessages":[],"fullName":"exercise1 Application should render without crashing","location":null,"numPassingAsserts":0,"status":"passed","title":"Application should render without crashing"},{"ancestorTitles":["exercise1"],"duration":7,"failureMessages":[],"fullName":"exercise1 store should have a checkItem function that updates a given items completed property","location":null,"numPassingAsserts":0,"status":"passed","title":"store should have a checkItem function that updates a given items completed property"},{"ancestorTitles":["exercise1"],"duration":4,"failureMessages":[],"fullName":"exercise1 checkItem function should be a MobX action","location":null,"numPassingAsserts":0,"status":"passed","title":"checkItem function should be a MobX action"},{"ancestorTitles":["exercise1"],"duration":80,"failureMessages":[],"fullName":"exercise1 Your input should have an onClick which invokes the checkItem function","location":null,"numPassingAsserts":0,"status":"passed","title":"Your input should have an onClick which invokes the checkItem function"}],"sourceMaps":{},"skipped":false,"leaks":false},{"console":null,"failureMessage":null,"numFailingTests":0,"numPassingTests":1,"numPendingTests":0,"numTodoTests":0,"perfStats":{"end":1552390023959,"start":1552390023732},"snapshot":{"added":0,"fileDeleted":false,"matched":0,"unchecked":0,"unmatched":0,"updated":0,"uncheckedKeys":[]},"testFilePath":"/home/elhunto77/Repositories/Elevation/test-repos/mobx-starter-template/tests/spot-check-1/ex-2.test.js","testResults":[{"ancestorTitles":["exercise2"],"duration":7,"failureMessages":[],"fullName":"exercise2 should pass","location":null,"numPassingAsserts":0,"status":"passed","title":"should pass"}],"sourceMaps":{},"skipped":false,"leaks":false},{"console":null,"failureMessage":null,"numFailingTests":0,"numPassingTests":1,"numPendingTests":0,"numTodoTests":0,"perfStats":{"end":1552390024242,"start":1552390023980},"snapshot":{"added":0,"fileDeleted":false,"matched":0,"unchecked":0,"unmatched":0,"updated":0,"uncheckedKeys":[]},"testFilePath":"/home/elhunto77/Repositories/Elevation/test-repos/mobx-starter-template/src/App.test.js","testResults":[{"ancestorTitles":[],"duration":42,"failureMessages":[],"fullName":"renders without crashing","location":null,"numPassingAsserts":0,"status":"passed","title":"renders without crashing"}],"sourceMaps":{},"skipped":false,"leaks":false},{"console":null,"failureMessage":null,"numFailingTests":0,"numPassingTests":2,"numPendingTests":0,"numTodoTests":0,"perfStats":{"end":1552390024244,"start":1552390023693},"snapshot":{"added":0,"fileDeleted":false,"matched":0,"unchecked":0,"unmatched":0,"updated":0,"uncheckedKeys":[]},"testFilePath":"/home/elhunto77/Repositories/Elevation/test-repos/mobx-starter-template/tests/spot-check-2/ex-1.test.js","testResults":[{"ancestorTitles":["exercise1"],"duration":37,"failureMessages":[],"fullName":"exercise1 Application should render without crashing","location":null,"numPassingAsserts":0,"status":"passed","title":"Application should render without crashing"},{"ancestorTitles":["exercise1"],"duration":47,"failureMessages":[],"fullName":"exercise1 App is reading the mobx store list property","location":null,"numPassingAsserts":0,"status":"passed","title":"App is reading the mobx store list property"}],"sourceMaps":{},"skipped":false,"leaks":false},{"console":null,"failureMessage":null,"numFailingTests":0,"numPassingTests":1,"numPendingTests":0,"numTodoTests":0,"perfStats":{"end":1552390024247,"start":1552390023791},"snapshot":{"added":0,"fileDeleted":false,"matched":0,"unchecked":0,"unmatched":0,"updated":0,"uncheckedKeys":[]},"testFilePath":"/home/elhunto77/Repositories/Elevation/test-repos/mobx-starter-template/tests/spot-check-1/ex-3.test.js","testResults":[{"ancestorTitles":["exercise3"],"duration":6,"failureMessages":[],"fullName":"exercise3 should pass","location":null,"numPassingAsserts":0,"status":"passed","title":"should pass"}],"sourceMaps":{},"skipped":false,"leaks":false}],"wasInterrupted":false}