{"numFailedTestSuites":1,"numFailedTests":0,"numPassedTestSuites":6,"numPassedTests":8,"numPendingTestSuites":0,"numPendingTests":0,"numRuntimeErrorTestSuites":1,"numTodoTests":0,"numTotalTestSuites":7,"numTotalTests":8,"openHandles":[],"snapshot":{"added":0,"didUpdate":false,"failure":false,"filesAdded":0,"filesRemoved":0,"filesUnmatched":0,"filesUpdated":0,"matched":0,"total":0,"unchecked":0,"uncheckedKeysByFile":[],"unmatched":0,"updated":0},"startTime":1551619536482,"success":false,"testResults":[{"console":null,"failureMessage":null,"numFailingTests":0,"numPassingTests":1,"numPendingTests":0,"numTodoTests":0,"perfStats":{"end":1551619539995,"start":1551619537904},"snapshot":{"added":0,"fileDeleted":false,"matched":0,"unchecked":0,"unmatched":0,"updated":0,"uncheckedKeys":[]},"testFilePath":"/home/elhunto77/Repositories/Elevation/test-repos/mobx-starter-template/tests/spot-check-1/ex-1.test.js","testResults":[{"ancestorTitles":["exercise1"],"duration":10,"failureMessages":[],"fullName":"exercise1 groceryList class store should have an observable property \"list\"","location":null,"numPassingAsserts":0,"status":"passed","title":"groceryList class store should have an observable property \"list\""}],"sourceMaps":{},"skipped":false,"leaks":false},{"console":null,"failureMessage":null,"numFailingTests":0,"numPassingTests":1,"numPendingTests":0,"numTodoTests":0,"perfStats":{"end":1551619540167,"start":1551619537906},"snapshot":{"added":0,"fileDeleted":false,"matched":0,"unchecked":0,"unmatched":0,"updated":0,"uncheckedKeys":[]},"testFilePath":"/home/elhunto77/Repositories/Elevation/test-repos/mobx-starter-template/tests/spot-check-1/ex-2.test.js","testResults":[{"ancestorTitles":["exercise2"],"duration":7,"failureMessages":[],"fullName":"exercise2 should pass","location":null,"numPassingAsserts":0,"status":"passed","title":"should pass"}],"sourceMaps":{},"skipped":false,"leaks":false},{"console":null,"failureMessage":null,"numFailingTests":0,"numPassingTests":2,"numPendingTests":0,"numTodoTests":0,"perfStats":{"end":1551619540205,"start":1551619537851},"snapshot":{"added":0,"fileDeleted":false,"matched":0,"unchecked":0,"unmatched":0,"updated":0,"uncheckedKeys":[]},"testFilePath":"/home/elhunto77/Repositories/Elevation/test-repos/mobx-starter-template/tests/spot-check-3/ex-1.test.js","testResults":[{"ancestorTitles":["exercise1"],"duration":43,"failureMessages":[],"fullName":"exercise1 Application should render without crashing","location":null,"numPassingAsserts":0,"status":"passed","title":"Application should render without crashing"},{"ancestorTitles":["exercise1"],"duration":11,"failureMessages":[],"fullName":"exercise1 store should have a checkItem function that changes the price of a given item","location":null,"numPassingAsserts":0,"status":"passed","title":"store should have a checkItem function that changes the price of a given item"}],"sourceMaps":{},"skipped":false,"leaks":false},{"console":null,"failureMessage":null,"numFailingTests":0,"numPassingTests":1,"numPendingTests":0,"numTodoTests":0,"perfStats":{"end":1551619540492,"start":1551619540257},"snapshot":{"added":0,"fileDeleted":false,"matched":0,"unchecked":0,"unmatched":0,"updated":0,"uncheckedKeys":[]},"testFilePath":"/home/elhunto77/Repositories/Elevation/test-repos/mobx-starter-template/src/App.test.js","testResults":[{"ancestorTitles":[],"duration":7,"failureMessages":[],"fullName":"renders without crashing","location":null,"numPassingAsserts":0,"status":"passed","title":"renders without crashing"}],"sourceMaps":{},"skipped":false,"leaks":false},{"console":null,"failureMessage":null,"numFailingTests":0,"numPassingTests":2,"numPendingTests":0,"numTodoTests":0,"perfStats":{"end":1551619540529,"start":1551619540017},"snapshot":{"added":0,"fileDeleted":false,"matched":0,"unchecked":0,"unmatched":0,"updated":0,"uncheckedKeys":[]},"testFilePath":"/home/elhunto77/Repositories/Elevation/test-repos/mobx-starter-template/tests/spot-check-2/ex-1.test.js","testResults":[{"ancestorTitles":["exercise1"],"duration":39,"failureMessages":[],"fullName":"exercise1 Application should render without crashing","location":null,"numPassingAsserts":0,"status":"passed","title":"Application should render without crashing"},{"ancestorTitles":["exercise1"],"duration":49,"failureMessages":[],"fullName":"exercise1 App is reading the mobx store list property","location":null,"numPassingAsserts":0,"status":"passed","title":"App is reading the mobx store list property"}],"sourceMaps":{},"skipped":false,"leaks":false},{"console":null,"failureMessage":null,"numFailingTests":0,"numPassingTests":1,"numPendingTests":0,"numTodoTests":0,"perfStats":{"end":1551619540565,"start":1551619540183},"snapshot":{"added":0,"fileDeleted":false,"matched":0,"unchecked":0,"unmatched":0,"updated":0,"uncheckedKeys":[]},"testFilePath":"/home/elhunto77/Repositories/Elevation/test-repos/mobx-starter-template/tests/spot-check-1/ex-3.test.js","testResults":[{"ancestorTitles":["exercise3"],"duration":12,"failureMessages":[],"fullName":"exercise3 should pass","location":null,"numPassingAsserts":0,"status":"passed","title":"should pass"}],"sourceMaps":{},"skipped":false,"leaks":false},{"console":null,"displayName":"","failureMessage":"  \u001b[1m● \u001b[22mTest suite failed to run\n\n    Your test suite must contain at least one test.\n\n      \u001b[2mat \u001b[22mnode_modules/jest-cli/build/TestScheduler.js\u001b[2m:225:24\u001b[22m\n","leaks":false,"numFailingTests":0,"numPassingTests":0,"numPendingTests":0,"numTodoTests":0,"openHandles":[],"perfStats":{"end":0,"start":0},"skipped":false,"snapshot":{"added":0,"fileDeleted":false,"matched":0,"unchecked":0,"uncheckedKeys":[],"unmatched":0,"updated":0},"sourceMaps":{},"testExecError":{"message":"Your test suite must contain at least one test.","stack":"Error: Your test suite must contain at least one test.\n    at /home/elhunto77/Repositories/Elevation/test-repos/mobx-starter-template/node_modules/jest-cli/build/TestScheduler.js:225:24\n    at Generator.next (<anonymous>)\n    at asyncGeneratorStep (/home/elhunto77/Repositories/Elevation/test-repos/mobx-starter-template/node_modules/jest-cli/build/TestScheduler.js:135:24)\n    at _next (/home/elhunto77/Repositories/Elevation/test-repos/mobx-starter-template/node_modules/jest-cli/build/TestScheduler.js:155:9)\n    at /home/elhunto77/Repositories/Elevation/test-repos/mobx-starter-template/node_modules/jest-cli/build/TestScheduler.js:160:7\n    at new Promise (<anonymous>)\n    at /home/elhunto77/Repositories/Elevation/test-repos/mobx-starter-template/node_modules/jest-cli/build/TestScheduler.js:152:12\n    at onResult (/home/elhunto77/Repositories/Elevation/test-repos/mobx-starter-template/node_modules/jest-cli/build/TestScheduler.js:254:25)\n    at runTestInWorker.then.testResult (/home/elhunto77/Repositories/Elevation/test-repos/mobx-starter-template/node_modules/jest-runner/build/index.js:198:33)\n    at process._tickCallback (internal/process/next_tick.js:68:7)"},"testFilePath":"/home/elhunto77/Repositories/Elevation/test-repos/mobx-starter-template/scripts/test.js","testResults":[]}],"wasInterrupted":false}